<?xml version="1.0" encoding="UTF-8"?>
<testng-results ignored="0" total="1" passed="1" failed="0" skipped="0">
  <reporter-output>
  </reporter-output>
  <suite started-at="2024-08-14T14:30:14 IST" name="Default suite" finished-at="2024-08-14T14:30:14 IST" duration-ms="72">
    <groups>
    </groups>
    <test started-at="2024-08-14T14:30:14 IST" name="Default test" finished-at="2024-08-14T14:30:14 IST" duration-ms="72">
      <class name="prc.Factorial">
        <test-method signature="fact()[pri:0, instance:prc.Factorial@a3d8174]" started-at="2024-08-14T14:30:14 IST" name="fact" finished-at="2024-08-14T14:30:14 IST" duration-ms="12" status="PASS">
          <reporter-output>
          </reporter-output>
        </test-method> <!-- fact -->
      </class> <!-- prc.Factorial -->
    </test> <!-- Default test -->
  </suite> <!-- Default suite -->
</testng-results>
